<?xml version="1.0" encoding="UTF-8"?>
<testng-results skipped="0" failed="0" ignored="0" total="3" passed="3">
  <reporter-output>
  </reporter-output>
  <suite name="Default suite" duration-ms="6886" started-at="2020-10-27T08:09:29Z" finished-at="2020-10-27T08:09:36Z">
    <groups>
    </groups>
    <test name="Default test" duration-ms="6886" started-at="2020-10-27T08:09:29Z" finished-at="2020-10-27T08:09:36Z">
      <class name="StepsDefinition.TestRunner">
        <test-method status="PASS" signature="api_for_foreign_Exchange()[pri:0, instance:StepsDefinition.TestRunner@462b667e]" name="api_for_foreign_Exchange" duration-ms="670" started-at="2020-10-27T08:09:29Z" finished-at="2020-10-27T08:09:30Z">
          <reporter-output>
          </reporter-output>
        </test-method> <!-- api_for_foreign_Exchange -->
        <test-method status="PASS" signature="posted_with_future_date_information()[pri:0, instance:StepsDefinition.TestRunner@462b667e]" name="posted_with_future_date_information" duration-ms="4038" started-at="2020-10-27T08:09:30Z" finished-at="2020-10-27T08:09:34Z">
          <reporter-output>
          </reporter-output>
        </test-method> <!-- posted_with_future_date_information -->
        <test-method status="PASS" signature="validate_positive_response_code_received()[pri:0, instance:StepsDefinition.TestRunner@462b667e]" name="validate_positive_response_code_received" duration-ms="2125" started-at="2020-10-27T08:09:34Z" finished-at="2020-10-27T08:09:36Z">
          <reporter-output>
          </reporter-output>
        </test-method> <!-- validate_positive_response_code_received -->
      </class> <!-- StepsDefinition.TestRunner -->
    </test> <!-- Default test -->
  </suite> <!-- Default suite -->
</testng-results>
