<?xml version="1.0" encoding="UTF-8"?>
<!-- Generated by org.testng.reporters.JUnitXMLReporter -->
<testsuite hostname="DESKTOP-BD2581E" ignored="0" name="Default test" tests="3" failures="0" timestamp="27 Oct 2020 08:09:36 GMT" time="6.886" errors="0">
  <testcase name="api_for_foreign_Exchange" time="0.67" classname="StepsDefinition.LogFutureDate"/>
  <testcase name="posted_with_future_date_information" time="4.038" classname="StepsDefinition.LogFutureDate"/>
  <testcase name="validate_positive_response_code_received" time="2.125" classname="StepsDefinition.LogFutureDate"/>
</testsuite> <!-- Default test -->
